10/14/2024 13:15:18 - INFO - __main__ -    Starting Sparse Retrieval System.
10/14/2024 13:15:18 - INFO - __main__ -    Loading tokenizer model: klue/bert-base
10/14/2024 13:15:18 - INFO - __main__ -    Embedding method: tfidf
10/14/2024 13:15:18 - INFO - __main__ -    Top-K: 45
10/14/2024 13:15:18 - INFO - __main__ -    Evaluation method: ['hit', 'mrr']
10/14/2024 13:15:18 - INFO - __main__ -    Loading data.
10/14/2024 13:15:18 - INFO - __main__ -    Loading Wikipedia data from ../../data/wikipedia_documents.json
10/14/2024 13:15:18 - INFO - __main__ -    File size of ../../data/wikipedia_documents.json: 110.0 MB
10/14/2024 13:15:20 - INFO - __main__ -    Length of unique context: 56737
10/14/2024 13:15:20 - INFO - __main__ -    [Load data] done in 1.647 s
10/14/2024 13:15:20 - INFO - __main__ -    Generating sparse embeddings.
10/14/2024 13:15:20 - INFO - __main__ -    Loading TF-IDF pickle files.
10/14/2024 13:15:20 - INFO - __main__ -    File size of tfidf.bin: 40.7 MB
10/14/2024 13:15:20 - INFO - __main__ -    File size of tfidf_sparse_embedding.bin: 217.1 MB
10/14/2024 13:15:22 - INFO - __main__ -    [Generate sparse embeddings] done in 1.963 s
10/14/2024 13:15:22 - INFO - __main__ -    Evaluating retrieval performance.
10/14/2024 13:15:22 - INFO - __main__ -    Loading evaluation dataset from ../../data/train_dataset
10/14/2024 13:15:22 - INFO - __main__ -    Evaluation dataset loaded with 4192 examples.
10/14/2024 13:15:22 - INFO - __main__ -    Retrieving for dataset queries.
10/14/2024 13:15:48 - INFO - __main__ -    [query exhaustive search] done in 26.305 s
Sparse retrieval:   0%|          | 0/4192 [00:00<?, ?it/s]Sparse retrieval:  21%|██        | 867/4192 [00:00<00:00, 8666.99it/s]Sparse retrieval:  43%|████▎     | 1816/4192 [00:00<00:00, 9146.32it/s]Sparse retrieval:  66%|██████▌   | 2763/4192 [00:00<00:00, 9293.88it/s]Sparse retrieval:  89%|████████▉ | 3739/4192 [00:00<00:00, 9474.12it/s]Sparse retrieval: 100%|██████████| 4192/4192 [00:00<00:00, 5399.11it/s]
10/14/2024 13:15:49 - INFO - __main__ -    Completed retrieval for dataset queries.
10/14/2024 13:15:49 - INFO - __main__ -    Evaluating Hit@k.
10/14/2024 13:15:49 - INFO - __main__ -    Hit@45: 0.8080
10/14/2024 13:15:49 - INFO - __main__ -    [Evaluation hit] done in 27.121 s
10/14/2024 13:15:49 - INFO - __main__ -    Loading evaluation dataset from ../../data/train_dataset
10/14/2024 13:15:49 - INFO - __main__ -    Evaluation dataset loaded with 4192 examples.
10/14/2024 13:15:49 - INFO - __main__ -    Retrieving for dataset queries.
10/14/2024 13:16:15 - INFO - __main__ -    [query exhaustive search] done in 26.313 s
Sparse retrieval:   0%|          | 0/4192 [00:00<?, ?it/s]Sparse retrieval:  22%|██▏       | 910/4192 [00:00<00:00, 9093.79it/s]Sparse retrieval:  44%|████▎     | 1828/4192 [00:00<00:00, 9141.17it/s]Sparse retrieval:  66%|██████▌   | 2762/4192 [00:00<00:00, 9193.96it/s]Sparse retrieval:  89%|████████▊ | 3717/4192 [00:00<00:00, 9330.85it/s]Sparse retrieval: 100%|██████████| 4192/4192 [00:00<00:00, 9282.61it/s]
10/14/2024 13:16:16 - INFO - __main__ -    Completed retrieval for dataset queries.
10/14/2024 13:16:16 - INFO - __main__ -    Evaluating MRR@k.
10/14/2024 13:16:16 - INFO - __main__ -    MRR@45: 0.3822
10/14/2024 13:16:16 - INFO - __main__ -    [Evaluation mrr] done in 26.815 s
10/14/2024 13:16:16 - INFO - __main__ -    Total execution time: 57.547 s
10/14/2024 13:16:16 - INFO - __main__ -    Sparse Retrieval System finished execution.
