10/14/2024 14:55:23 - INFO - __main__ -    Starting Sparse Retrieval System.
10/14/2024 14:55:23 - INFO - __main__ -    Loading tokenizer model: klue/bert-base
10/14/2024 14:55:28 - INFO - __main__ -    Embedding method: tfidf
10/14/2024 14:55:28 - INFO - __main__ -    Top-K: 95
10/14/2024 14:55:28 - INFO - __main__ -    Evaluation method: ['hit', 'mrr']
10/14/2024 14:55:28 - INFO - __main__ -    Loading data.
10/14/2024 14:55:28 - INFO - __main__ -    Loading Wikipedia data from ../../data/wikipedia_documents.json
10/14/2024 14:55:28 - INFO - __main__ -    File size of ../../data/wikipedia_documents.json: 110.0 MB
10/14/2024 14:55:30 - INFO - __main__ -    Length of unique context: 56737
10/14/2024 14:55:30 - INFO - __main__ -    [Load data] done in 1.656 s
10/14/2024 14:55:30 - INFO - __main__ -    Generating sparse embeddings.
10/14/2024 14:55:30 - INFO - __main__ -    Loading TF-IDF pickle files.
10/14/2024 14:55:30 - INFO - __main__ -    File size of tfidf.bin: 40.7 MB
10/14/2024 14:55:30 - INFO - __main__ -    File size of tfidf_sparse_embedding.bin: 217.1 MB
10/14/2024 14:55:32 - INFO - __main__ -    [Generate sparse embeddings] done in 1.989 s
10/14/2024 14:55:32 - INFO - __main__ -    Evaluating retrieval performance.
10/14/2024 14:55:32 - INFO - __main__ -    Loading evaluation dataset from ../../data/train_dataset
10/14/2024 14:55:32 - INFO - __main__ -    Evaluation dataset loaded with 4192 examples.
10/14/2024 14:55:32 - INFO - __main__ -    Retrieving for dataset queries.
10/14/2024 14:55:58 - INFO - __main__ -    [query exhaustive search] done in 26.436 s
Sparse retrieval:   0%|          | 0/4192 [00:00<?, ?it/s]Sparse retrieval:  18%|█▊        | 741/4192 [00:00<00:00, 7390.11it/s]Sparse retrieval:  38%|███▊      | 1612/4192 [00:00<00:00, 8163.54it/s]Sparse retrieval:  59%|█████▉    | 2468/4192 [00:00<00:00, 8341.86it/s]Sparse retrieval:  80%|████████  | 3355/4192 [00:00<00:00, 8546.50it/s]Sparse retrieval: 100%|██████████| 4192/4192 [00:00<00:00, 4947.56it/s]
10/14/2024 14:55:59 - INFO - __main__ -    Completed retrieval for dataset queries.
10/14/2024 14:55:59 - INFO - __main__ -    Evaluating Hit@k.
10/14/2024 14:55:59 - INFO - __main__ -    Hit@95: 0.8688
10/14/2024 14:55:59 - INFO - __main__ -    [Evaluation hit] done in 27.334 s
10/14/2024 14:55:59 - INFO - __main__ -    Loading evaluation dataset from ../../data/train_dataset
10/14/2024 14:55:59 - INFO - __main__ -    Evaluation dataset loaded with 4192 examples.
10/14/2024 14:55:59 - INFO - __main__ -    Retrieving for dataset queries.
10/14/2024 14:56:26 - INFO - __main__ -    [query exhaustive search] done in 26.318 s
Sparse retrieval:   0%|          | 0/4192 [00:00<?, ?it/s]Sparse retrieval:  20%|█▉        | 834/4192 [00:00<00:00, 8332.10it/s]Sparse retrieval:  40%|████      | 1677/4192 [00:00<00:00, 8385.89it/s]Sparse retrieval:  61%|██████▏   | 2573/4192 [00:00<00:00, 8647.64it/s]Sparse retrieval:  82%|████████▏ | 3438/4192 [00:00<00:00, 8635.75it/s]Sparse retrieval: 100%|██████████| 4192/4192 [00:00<00:00, 8622.88it/s]
10/14/2024 14:56:26 - INFO - __main__ -    Completed retrieval for dataset queries.
10/14/2024 14:56:26 - INFO - __main__ -    Evaluating MRR@k.
10/14/2024 14:56:26 - INFO - __main__ -    MRR@95: 0.3831
10/14/2024 14:56:26 - INFO - __main__ -    [Evaluation mrr] done in 26.862 s
10/14/2024 14:56:26 - INFO - __main__ -    Total execution time: 57.841 s
10/14/2024 14:56:26 - INFO - __main__ -    Sparse Retrieval System finished execution.
